<?xml version="1.0" encoding="UTF-8"?>
<!-- Generated by org.testng.reporters.JUnitReportReporter -->
<testsuite skipped="0" hostname="mathu-pc" name="samplemaven.testcases.TC001_Login" tests="1" failures="0" timestamp="14 Mar 2019 20:46:42 GMT" time="18.067" errors="0">
  <testcase name="login" time="18.067" classname="samplemaven.testcases.TC001_Login"/>
</testsuite> <!-- samplemaven.testcases.TC001_Login -->
