<?xml version="1.0" encoding="UTF-8"?>
<!-- Generated by org.testng.reporters.JUnitReportReporter -->
<testsuite skipped="0" hostname="mathu-pc" name="samplemaven.testcases.TC002_Login2" tests="1" failures="0" timestamp="14 Mar 2019 20:46:42 GMT" time="9.443" errors="0">
  <testcase name="login" time="9.443" classname="samplemaven.testcases.TC002_Login2"/>
</testsuite> <!-- samplemaven.testcases.TC002_Login2 -->
